build/app/intermediates/manifest_merge_blame_file/debug/manifest-merger-blame-debug-report.txt
1<?xml version="1.0" encoding="utf-8"?>
2<manifest xmlns:android="http://schemas.android.com/apk/res/android"
3    package="com.example.photogallerymobileapp"
4    android:versionCode="1"
5    android:versionName="1.0.0" >
6
7    <uses-sdk
8        android:minSdkVersion="21"
9        android:targetSdkVersion="28" />
10    <!--
11         Flutter needs it to communicate with the running application
12         to allow setting breakpoints, to provide hot reload, etc.
13    -->
14    <uses-permission android:name="android.permission.INTERNET" />
14-->src\debug\AndroidManifest.xml:6:5-66
14-->src\debug\AndroidManifest.xml:6:22-64
15    <uses-permission android:name="android.permission.ACCESS_NETWORK_STATE" />
15-->[:firebase_analytics] AndroidManifest.xml:7:5-79
15-->[:firebase_analytics] AndroidManifest.xml:7:22-76
16    <uses-permission android:name="android.permission.WAKE_LOCK" /> <!-- Required by older versions of Google Play services to create IID tokens -->
16-->[:firebase_analytics] AndroidManifest.xml:9:5-68
16-->[:firebase_analytics] AndroidManifest.xml:9:22-65
17    <uses-permission android:name="com.google.android.c2dm.permission.RECEIVE" />
17-->[com.google.firebase:firebase-messaging:23.0.0] AndroidManifest.xml:25:5-82
17-->[com.google.firebase:firebase-messaging:23.0.0] AndroidManifest.xml:25:22-79
18    <uses-permission android:name="com.google.android.finsky.permission.BIND_GET_INSTALL_REFERRER_SERVICE" /> <!-- Include required permissions for Advertising Id -->
18-->[com.google.android.gms:play-services-measurement:20.0.2] AndroidManifest.xml:26:5-110
18-->[com.google.android.gms:play-services-measurement:20.0.2] AndroidManifest.xml:26:22-107
19    <uses-permission android:name="com.google.android.gms.permission.AD_ID" />
19-->[com.google.android.gms:play-services-ads-identifier:18.0.0] AndroidManifest.xml:23:5-79
19-->[com.google.android.gms:play-services-ads-identifier:18.0.0] AndroidManifest.xml:23:22-76
20    <!--
21 io.flutter.app.FlutterApplication is an android.app.Application that
22         calls FlutterMain.startInitialization(this); in its onCreate method.
23         In most cases you can leave this as-is, but you if you want to provide
24         additional functionality it is fine to subclass or reimplement
25         FlutterApplication and put your custom class here.
26    -->
27    <application
27-->src\main\AndroidManifest.xml:8:5-34:19
28        android:name="io.flutter.app.FlutterApplication"
28-->src\main\AndroidManifest.xml:9:9-57
29        android:appComponentFactory="androidx.core.app.CoreComponentFactory"
29-->[androidx.core:core:1.6.0] AndroidManifest.xml:24:18-86
30        android:debuggable="true"
31        android:icon="@mipmap/ic_launcher"
31-->src\main\AndroidManifest.xml:11:9-43
32        android:label="photogallerymobileapp"
32-->src\main\AndroidManifest.xml:10:9-46
33        android:usesCleartextTraffic="true" >
33-->[:cloud_functions] AndroidManifest.xml:9:9-44
34        <activity
34-->src\main\AndroidManifest.xml:12:9-23:20
35            android:name="com.example.photogallerymobileapp.MainActivity"
35-->src\main\AndroidManifest.xml:13:13-41
36            android:configChanges="orientation|keyboardHidden|keyboard|screenSize|smallestScreenSize|locale|layoutDirection|fontScale|screenLayout|density|uiMode"
36-->src\main\AndroidManifest.xml:16:13-163
37            android:hardwareAccelerated="true"
37-->src\main\AndroidManifest.xml:17:13-47
38            android:launchMode="singleTop"
38-->src\main\AndroidManifest.xml:14:13-43
39            android:theme="@style/LaunchTheme"
39-->src\main\AndroidManifest.xml:15:13-47
40            android:windowSoftInputMode="adjustResize" >
40-->src\main\AndroidManifest.xml:18:13-55
41            <intent-filter>
41-->src\main\AndroidManifest.xml:19:13-22:29
42                <action android:name="android.intent.action.MAIN" />
42-->src\main\AndroidManifest.xml:20:17-68
42-->src\main\AndroidManifest.xml:20:25-66
43
44                <category android:name="android.intent.category.LAUNCHER" />
44-->src\main\AndroidManifest.xml:21:17-76
44-->src\main\AndroidManifest.xml:21:27-74
45            </intent-filter>
46        </activity>
47        <activity
47-->src\main\AndroidManifest.xml:25:9-28:63
48            android:name="com.yalantis.ucrop.UCropActivity"
48-->src\main\AndroidManifest.xml:26:5-52
49            android:screenOrientation="portrait"
49-->src\main\AndroidManifest.xml:27:5-41
50            android:theme="@style/Theme.AppCompat.Light.NoActionBar" />
50-->src\main\AndroidManifest.xml:28:5-61
51        <!--
52             Don't delete the meta-data below.
53             This is used by the Flutter tool to generate GeneratedPluginRegistrant.java
54        -->
55        <meta-data
55-->src\main\AndroidManifest.xml:31:9-33:33
56            android:name="flutterEmbedding"
56-->src\main\AndroidManifest.xml:32:13-44
57            android:value="2" />
57-->src\main\AndroidManifest.xml:33:13-30
58
59        <service
59-->[:firebase_app_check] AndroidManifest.xml:8:9-12:19
60            android:name="com.google.firebase.components.ComponentDiscoveryService"
60-->[:firebase_app_check] AndroidManifest.xml:8:18-89
61            android:directBootAware="true"
61-->[com.google.firebase:firebase-common:20.0.0] AndroidManifest.xml:35:13-43
62            android:exported="false" >
62-->[com.google.firebase:firebase-functions:20.0.1] AndroidManifest.xml:17:13-37
63            <meta-data
63-->[:firebase_app_check] AndroidManifest.xml:9:13-11:85
64                android:name="com.google.firebase.components:io.flutter.plugins.firebase.appcheck.FlutterFirebaseAppRegistrar"
64-->[:firebase_app_check] AndroidManifest.xml:10:17-127
65                android:value="com.google.firebase.components.ComponentRegistrar" />
65-->[:firebase_app_check] AndroidManifest.xml:11:17-82
66            <meta-data
66-->[:firebase_crashlytics] AndroidManifest.xml:9:13-11:85
67                android:name="com.google.firebase.components:io.flutter.plugins.firebase.crashlytics.FlutterFirebaseAppRegistrar"
67-->[:firebase_crashlytics] AndroidManifest.xml:10:17-130
68                android:value="com.google.firebase.components.ComponentRegistrar" />
68-->[:firebase_crashlytics] AndroidManifest.xml:11:17-82
69            <meta-data
69-->[:firebase_database] AndroidManifest.xml:9:13-11:85
70                android:name="com.google.firebase.components:io.flutter.plugins.firebase.database.FlutterFirebaseAppRegistrar"
70-->[:firebase_database] AndroidManifest.xml:10:17-127
71                android:value="com.google.firebase.components.ComponentRegistrar" />
71-->[:firebase_database] AndroidManifest.xml:11:17-82
72            <meta-data
72-->[:cloud_firestore] AndroidManifest.xml:9:13-11:85
73                android:name="com.google.firebase.components:io.flutter.plugins.firebase.firestore.FlutterFirebaseFirestoreRegistrar"
73-->[:cloud_firestore] AndroidManifest.xml:10:17-134
74                android:value="com.google.firebase.components.ComponentRegistrar" />
74-->[:cloud_firestore] AndroidManifest.xml:11:17-82
75            <meta-data
75-->[:firebase_performance] AndroidManifest.xml:11:13-13:85
76                android:name="com.google.firebase.components:io.flutter.plugins.firebase.performance.FlutterFirebaseAppRegistrar"
76-->[:firebase_performance] AndroidManifest.xml:12:17-130
77                android:value="com.google.firebase.components.ComponentRegistrar" />
77-->[:firebase_performance] AndroidManifest.xml:13:17-82
78            <meta-data
78-->[:cloud_functions] AndroidManifest.xml:12:13-14:85
79                android:name="com.google.firebase.components:io.flutter.plugins.firebase.functions.FlutterFirebaseAppRegistrar"
79-->[:cloud_functions] AndroidManifest.xml:13:17-128
80                android:value="com.google.firebase.components.ComponentRegistrar" />
80-->[:cloud_functions] AndroidManifest.xml:14:17-82
81            <meta-data
81-->[:firebase_analytics] AndroidManifest.xml:13:13-15:85
82                android:name="com.google.firebase.components:io.flutter.plugins.firebase.analytics.FlutterFirebaseAppRegistrar"
82-->[:firebase_analytics] AndroidManifest.xml:14:17-128
83                android:value="com.google.firebase.components.ComponentRegistrar" />
83-->[:firebase_analytics] AndroidManifest.xml:15:17-82
84            <meta-data
84-->[:firebase_auth] AndroidManifest.xml:9:13-11:85
85                android:name="com.google.firebase.components:io.flutter.plugins.firebase.auth.FlutterFirebaseAuthRegistrar"
85-->[:firebase_auth] AndroidManifest.xml:10:17-124
86                android:value="com.google.firebase.components.ComponentRegistrar" />
86-->[:firebase_auth] AndroidManifest.xml:11:17-82
87            <meta-data
87-->[:firebase_remote_config] AndroidManifest.xml:9:13-11:85
88                android:name="com.google.firebase.components:io.flutter.plugins.firebase.firebaseremoteconfig.FlutterFirebaseAppRegistrar"
88-->[:firebase_remote_config] AndroidManifest.xml:10:17-139
89                android:value="com.google.firebase.components.ComponentRegistrar" />
89-->[:firebase_remote_config] AndroidManifest.xml:11:17-82
90            <meta-data
90-->[:firebase_storage] AndroidManifest.xml:9:13-11:85
91                android:name="com.google.firebase.components:io.flutter.plugins.firebase.storage.FlutterFirebaseAppRegistrar"
91-->[:firebase_storage] AndroidManifest.xml:10:17-126
92                android:value="com.google.firebase.components.ComponentRegistrar" />
92-->[:firebase_storage] AndroidManifest.xml:11:17-82
93            <meta-data
93-->[:firebase_messaging] AndroidManifest.xml:34:13-36:85
94                android:name="com.google.firebase.components:io.flutter.plugins.firebase.messaging.FlutterFirebaseAppRegistrar"
94-->[:firebase_messaging] AndroidManifest.xml:35:17-128
95                android:value="com.google.firebase.components.ComponentRegistrar" />
95-->[:firebase_messaging] AndroidManifest.xml:36:17-82
96            <meta-data
96-->[:firebase_core] AndroidManifest.xml:9:13-11:85
97                android:name="com.google.firebase.components:io.flutter.plugins.firebase.core.FlutterFirebaseCoreRegistrar"
97-->[:firebase_core] AndroidManifest.xml:10:17-124
98                android:value="com.google.firebase.components.ComponentRegistrar" />
98-->[:firebase_core] AndroidManifest.xml:11:17-82
99            <meta-data
99-->[com.google.firebase:firebase-functions:20.0.1] AndroidManifest.xml:18:13-20:85
100                android:name="com.google.firebase.components:com.google.firebase.functions.FunctionsRegistrar"
100-->[com.google.firebase:firebase-functions:20.0.1] AndroidManifest.xml:19:17-111
101                android:value="com.google.firebase.components.ComponentRegistrar" />
101-->[com.google.firebase:firebase-functions:20.0.1] AndroidManifest.xml:20:17-82
102            <meta-data
102-->[com.google.firebase:firebase-firestore:24.0.0] AndroidManifest.xml:20:13-22:85
103                android:name="com.google.firebase.components:com.google.firebase.firestore.FirestoreRegistrar"
103-->[com.google.firebase:firebase-firestore:24.0.0] AndroidManifest.xml:21:17-111
104                android:value="com.google.firebase.components.ComponentRegistrar" />
104-->[com.google.firebase:firebase-firestore:24.0.0] AndroidManifest.xml:22:17-82
105            <meta-data
105-->[com.google.firebase:firebase-storage:20.0.0] AndroidManifest.xml:33:13-35:85
106                android:name="com.google.firebase.components:com.google.firebase.storage.StorageRegistrar"
106-->[com.google.firebase:firebase-storage:20.0.0] AndroidManifest.xml:34:17-107
107                android:value="com.google.firebase.components.ComponentRegistrar" />
107-->[com.google.firebase:firebase-storage:20.0.0] AndroidManifest.xml:35:17-82
108            <meta-data
108-->[com.google.firebase:firebase-database:20.0.3] AndroidManifest.xml:32:13-34:85
109                android:name="com.google.firebase.components:com.google.firebase.database.DatabaseRegistrar"
109-->[com.google.firebase:firebase-database:20.0.3] AndroidManifest.xml:33:17-109
110                android:value="com.google.firebase.components.ComponentRegistrar" />
110-->[com.google.firebase:firebase-database:20.0.3] AndroidManifest.xml:34:17-82
111            <meta-data
111-->[com.google.firebase:firebase-crashlytics:18.2.6] AndroidManifest.xml:18:13-20:85
112                android:name="com.google.firebase.components:com.google.firebase.crashlytics.CrashlyticsRegistrar"
112-->[com.google.firebase:firebase-crashlytics:18.2.6] AndroidManifest.xml:19:17-115
113                android:value="com.google.firebase.components.ComponentRegistrar" />
113-->[com.google.firebase:firebase-crashlytics:18.2.6] AndroidManifest.xml:20:17-82
114            <meta-data
114-->[com.google.firebase:firebase-perf:20.0.4] AndroidManifest.xml:23:13-25:85
115                android:name="com.google.firebase.components:com.google.firebase.perf.FirebasePerfRegistrar"
115-->[com.google.firebase:firebase-perf:20.0.4] AndroidManifest.xml:24:17-109
116                android:value="com.google.firebase.components.ComponentRegistrar" />
116-->[com.google.firebase:firebase-perf:20.0.4] AndroidManifest.xml:25:17-82
117            <meta-data
117-->[com.google.firebase:firebase-config:21.0.1] AndroidManifest.xml:32:13-34:85
118                android:name="com.google.firebase.components:com.google.firebase.remoteconfig.RemoteConfigRegistrar"
118-->[com.google.firebase:firebase-config:21.0.1] AndroidManifest.xml:33:17-117
119                android:value="com.google.firebase.components.ComponentRegistrar" />
119-->[com.google.firebase:firebase-config:21.0.1] AndroidManifest.xml:34:17-82
120            <meta-data
120-->[com.google.firebase:firebase-messaging:23.0.0] AndroidManifest.xml:52:13-54:85
121                android:name="com.google.firebase.components:com.google.firebase.messaging.FirebaseMessagingRegistrar"
121-->[com.google.firebase:firebase-messaging:23.0.0] AndroidManifest.xml:53:17-119
122                android:value="com.google.firebase.components.ComponentRegistrar" />
122-->[com.google.firebase:firebase-messaging:23.0.0] AndroidManifest.xml:54:17-82
123            <meta-data
123-->[com.google.firebase:firebase-appcheck:16.0.0-beta04] AndroidManifest.xml:28:13-30:85
124                android:name="com.google.firebase.components:com.google.firebase.appcheck.FirebaseAppCheckRegistrar"
124-->[com.google.firebase:firebase-appcheck:16.0.0-beta04] AndroidManifest.xml:29:17-117
125                android:value="com.google.firebase.components.ComponentRegistrar" />
125-->[com.google.firebase:firebase-appcheck:16.0.0-beta04] AndroidManifest.xml:30:17-82
126            <meta-data
126-->[com.google.firebase:firebase-auth:21.0.1] AndroidManifest.xml:77:13-79:85
127                android:name="com.google.firebase.components:com.google.firebase.auth.FirebaseAuthRegistrar"
127-->[com.google.firebase:firebase-auth:21.0.1] AndroidManifest.xml:78:17-109
128                android:value="com.google.firebase.components.ComponentRegistrar" />
128-->[com.google.firebase:firebase-auth:21.0.1] AndroidManifest.xml:79:17-82
129            <meta-data
129-->[com.google.firebase:firebase-datatransport:18.1.1] AndroidManifest.xml:28:13-30:85
130                android:name="com.google.firebase.components:com.google.firebase.datatransport.TransportRegistrar"
130-->[com.google.firebase:firebase-datatransport:18.1.1] AndroidManifest.xml:29:17-115
131                android:value="com.google.firebase.components.ComponentRegistrar" />
131-->[com.google.firebase:firebase-datatransport:18.1.1] AndroidManifest.xml:30:17-82
132            <meta-data
132-->[com.google.firebase:firebase-iid:21.1.0] AndroidManifest.xml:32:13-34:85
133                android:name="com.google.firebase.components:com.google.firebase.iid.Registrar"
133-->[com.google.firebase:firebase-iid:21.1.0] AndroidManifest.xml:33:17-96
134                android:value="com.google.firebase.components.ComponentRegistrar" />
134-->[com.google.firebase:firebase-iid:21.1.0] AndroidManifest.xml:34:17-82
135            <meta-data
135-->[com.google.android.gms:play-services-measurement-api:20.0.2] AndroidManifest.xml:30:13-32:85
136                android:name="com.google.firebase.components:com.google.firebase.analytics.connector.internal.AnalyticsConnectorRegistrar"
136-->[com.google.android.gms:play-services-measurement-api:20.0.2] AndroidManifest.xml:31:17-139
137                android:value="com.google.firebase.components.ComponentRegistrar" />
137-->[com.google.android.gms:play-services-measurement-api:20.0.2] AndroidManifest.xml:32:17-82
138            <meta-data
138-->[com.google.firebase:firebase-installations:17.0.0] AndroidManifest.xml:18:13-20:85
139                android:name="com.google.firebase.components:com.google.firebase.installations.FirebaseInstallationsRegistrar"
139-->[com.google.firebase:firebase-installations:17.0.0] AndroidManifest.xml:19:17-127
140                android:value="com.google.firebase.components.ComponentRegistrar" />
140-->[com.google.firebase:firebase-installations:17.0.0] AndroidManifest.xml:20:17-82
141            <meta-data
141-->[com.google.firebase:firebase-abt:21.0.0] AndroidManifest.xml:13:13-15:85
142                android:name="com.google.firebase.components:com.google.firebase.abt.component.AbtRegistrar"
142-->[com.google.firebase:firebase-abt:21.0.0] AndroidManifest.xml:14:17-109
143                android:value="com.google.firebase.components.ComponentRegistrar" />
143-->[com.google.firebase:firebase-abt:21.0.0] AndroidManifest.xml:15:17-82
144        </service>
145        <service
145-->[:firebase_messaging] AndroidManifest.xml:12:9-15:72
146            android:name="io.flutter.plugins.firebase.messaging.FlutterFirebaseMessagingBackgroundService"
146-->[:firebase_messaging] AndroidManifest.xml:13:13-107
147            android:exported="false"
147-->[:firebase_messaging] AndroidManifest.xml:14:13-37
148            android:permission="android.permission.BIND_JOB_SERVICE" />
148-->[:firebase_messaging] AndroidManifest.xml:15:13-69
149        <service
149-->[:firebase_messaging] AndroidManifest.xml:16:9-22:19
150            android:name="io.flutter.plugins.firebase.messaging.FlutterFirebaseMessagingService"
150-->[:firebase_messaging] AndroidManifest.xml:17:13-97
151            android:exported="false" >
151-->[:firebase_messaging] AndroidManifest.xml:18:13-37
152            <intent-filter>
152-->[:firebase_messaging] AndroidManifest.xml:19:13-21:29
153                <action android:name="com.google.firebase.MESSAGING_EVENT" />
153-->[:firebase_messaging] AndroidManifest.xml:20:17-78
153-->[:firebase_messaging] AndroidManifest.xml:20:25-75
154            </intent-filter>
155        </service>
156
157        <receiver
157-->[:firebase_messaging] AndroidManifest.xml:24:9-31:20
158            android:name="io.flutter.plugins.firebase.messaging.FlutterFirebaseMessagingReceiver"
158-->[:firebase_messaging] AndroidManifest.xml:25:13-98
159            android:exported="true"
159-->[:firebase_messaging] AndroidManifest.xml:26:13-36
160            android:permission="com.google.android.c2dm.permission.SEND" >
160-->[:firebase_messaging] AndroidManifest.xml:27:13-73
161            <intent-filter>
161-->[:firebase_messaging] AndroidManifest.xml:28:13-30:29
162                <action android:name="com.google.android.c2dm.intent.RECEIVE" />
162-->[:firebase_messaging] AndroidManifest.xml:29:17-81
162-->[:firebase_messaging] AndroidManifest.xml:29:25-78
163            </intent-filter>
164        </receiver>
165
166        <provider
166-->[:firebase_messaging] AndroidManifest.xml:39:9-43:38
167            android:name="io.flutter.plugins.firebase.messaging.FlutterFirebaseMessagingInitProvider"
167-->[:firebase_messaging] AndroidManifest.xml:40:13-102
168            android:authorities="com.example.photogallerymobileapp.flutterfirebasemessaginginitprovider"
168-->[:firebase_messaging] AndroidManifest.xml:41:13-88
169            android:exported="false"
169-->[:firebase_messaging] AndroidManifest.xml:42:13-37
170            android:initOrder="99" />
170-->[:firebase_messaging] AndroidManifest.xml:43:13-35
171        <provider
171-->[:image_picker] AndroidManifest.xml:8:9-16:20
172            android:name="io.flutter.plugins.imagepicker.ImagePickerFileProvider"
172-->[:image_picker] AndroidManifest.xml:9:13-82
173            android:authorities="com.example.photogallerymobileapp.flutter.image_provider"
173-->[:image_picker] AndroidManifest.xml:10:13-74
174            android:exported="false"
174-->[:image_picker] AndroidManifest.xml:11:13-37
175            android:grantUriPermissions="true" >
175-->[:image_picker] AndroidManifest.xml:12:13-47
176            <meta-data
176-->[:image_picker] AndroidManifest.xml:13:13-15:75
177                android:name="android.support.FILE_PROVIDER_PATHS"
177-->[:image_picker] AndroidManifest.xml:14:17-67
178                android:resource="@xml/flutter_image_picker_file_paths" />
178-->[:image_picker] AndroidManifest.xml:15:17-72
179        </provider>
180        <provider
180-->[com.google.firebase:firebase-perf:20.0.4] AndroidManifest.xml:14:9-18:39
181            android:name="com.google.firebase.perf.provider.FirebasePerfProvider"
181-->[com.google.firebase:firebase-perf:20.0.4] AndroidManifest.xml:15:13-82
182            android:authorities="com.example.photogallerymobileapp.firebaseperfprovider"
182-->[com.google.firebase:firebase-perf:20.0.4] AndroidManifest.xml:16:13-72
183            android:exported="false"
183-->[com.google.firebase:firebase-perf:20.0.4] AndroidManifest.xml:17:13-37
184            android:initOrder="101" />
184-->[com.google.firebase:firebase-perf:20.0.4] AndroidManifest.xml:18:13-36
185
186        <receiver
186-->[com.google.firebase:firebase-messaging:23.0.0] AndroidManifest.xml:28:9-35:20
187            android:name="com.google.firebase.iid.FirebaseInstanceIdReceiver"
187-->[com.google.firebase:firebase-messaging:23.0.0] AndroidManifest.xml:29:13-78
188            android:exported="true"
188-->[com.google.firebase:firebase-messaging:23.0.0] AndroidManifest.xml:30:13-36
189            android:permission="com.google.android.c2dm.permission.SEND" >
189-->[com.google.firebase:firebase-messaging:23.0.0] AndroidManifest.xml:31:13-73
190            <intent-filter>
190-->[:firebase_messaging] AndroidManifest.xml:28:13-30:29
191                <action android:name="com.google.android.c2dm.intent.RECEIVE" />
191-->[:firebase_messaging] AndroidManifest.xml:29:17-81
191-->[:firebase_messaging] AndroidManifest.xml:29:25-78
192            </intent-filter>
193        </receiver>
194        <!--
195             FirebaseMessagingService performs security checks at runtime,
196             but set to not exported to explicitly avoid allowing another app to call it.
197        -->
198        <service
198-->[com.google.firebase:firebase-messaging:23.0.0] AndroidManifest.xml:41:9-48:19
199            android:name="com.google.firebase.messaging.FirebaseMessagingService"
199-->[com.google.firebase:firebase-messaging:23.0.0] AndroidManifest.xml:42:13-82
200            android:directBootAware="true"
200-->[com.google.firebase:firebase-messaging:23.0.0] AndroidManifest.xml:43:13-43
201            android:exported="false" >
201-->[com.google.firebase:firebase-messaging:23.0.0] AndroidManifest.xml:44:13-37
202            <intent-filter android:priority="-500" >
202-->[:firebase_messaging] AndroidManifest.xml:19:13-21:29
203                <action android:name="com.google.firebase.MESSAGING_EVENT" />
203-->[:firebase_messaging] AndroidManifest.xml:20:17-78
203-->[:firebase_messaging] AndroidManifest.xml:20:25-75
204            </intent-filter>
205        </service>
206
207        <activity
207-->[com.google.firebase:firebase-auth:21.0.1] AndroidManifest.xml:27:9-44:20
208            android:name="com.google.firebase.auth.internal.GenericIdpActivity"
208-->[com.google.firebase:firebase-auth:21.0.1] AndroidManifest.xml:28:13-80
209            android:excludeFromRecents="true"
209-->[com.google.firebase:firebase-auth:21.0.1] AndroidManifest.xml:29:13-46
210            android:exported="true"
210-->[com.google.firebase:firebase-auth:21.0.1] AndroidManifest.xml:30:13-36
211            android:launchMode="singleTask"
211-->[com.google.firebase:firebase-auth:21.0.1] AndroidManifest.xml:31:13-44
212            android:theme="@android:style/Theme.Translucent.NoTitleBar" >
212-->[com.google.firebase:firebase-auth:21.0.1] AndroidManifest.xml:32:13-72
213            <intent-filter>
213-->[com.google.firebase:firebase-auth:21.0.1] AndroidManifest.xml:33:13-43:29
214                <action android:name="android.intent.action.VIEW" />
214-->[com.google.firebase:firebase-auth:21.0.1] AndroidManifest.xml:34:17-69
214-->[com.google.firebase:firebase-auth:21.0.1] AndroidManifest.xml:34:25-66
215
216                <category android:name="android.intent.category.DEFAULT" />
216-->[com.google.firebase:firebase-auth:21.0.1] AndroidManifest.xml:36:17-76
216-->[com.google.firebase:firebase-auth:21.0.1] AndroidManifest.xml:36:27-73
217                <category android:name="android.intent.category.BROWSABLE" />
217-->[com.google.firebase:firebase-auth:21.0.1] AndroidManifest.xml:37:17-78
217-->[com.google.firebase:firebase-auth:21.0.1] AndroidManifest.xml:37:27-75
218
219                <data
219-->[com.google.firebase:firebase-auth:21.0.1] AndroidManifest.xml:39:17-42:51
220                    android:host="firebase.auth"
220-->[com.google.firebase:firebase-auth:21.0.1] AndroidManifest.xml:40:21-49
221                    android:path="/"
221-->[com.google.firebase:firebase-auth:21.0.1] AndroidManifest.xml:41:21-37
222                    android:scheme="genericidp" />
222-->[com.google.firebase:firebase-auth:21.0.1] AndroidManifest.xml:42:21-48
223            </intent-filter>
224        </activity>
225        <activity
225-->[com.google.firebase:firebase-auth:21.0.1] AndroidManifest.xml:45:9-62:20
226            android:name="com.google.firebase.auth.internal.RecaptchaActivity"
226-->[com.google.firebase:firebase-auth:21.0.1] AndroidManifest.xml:46:13-79
227            android:excludeFromRecents="true"
227-->[com.google.firebase:firebase-auth:21.0.1] AndroidManifest.xml:47:13-46
228            android:exported="true"
228-->[com.google.firebase:firebase-auth:21.0.1] AndroidManifest.xml:48:13-36
229            android:launchMode="singleTask"
229-->[com.google.firebase:firebase-auth:21.0.1] AndroidManifest.xml:49:13-44
230            android:theme="@android:style/Theme.Translucent.NoTitleBar" >
230-->[com.google.firebase:firebase-auth:21.0.1] AndroidManifest.xml:50:13-72
231            <intent-filter>
231-->[com.google.firebase:firebase-auth:21.0.1] AndroidManifest.xml:51:13-61:29
232                <action android:name="android.intent.action.VIEW" />
232-->[com.google.firebase:firebase-auth:21.0.1] AndroidManifest.xml:34:17-69
232-->[com.google.firebase:firebase-auth:21.0.1] AndroidManifest.xml:34:25-66
233
234                <category android:name="android.intent.category.DEFAULT" />
234-->[com.google.firebase:firebase-auth:21.0.1] AndroidManifest.xml:36:17-76
234-->[com.google.firebase:firebase-auth:21.0.1] AndroidManifest.xml:36:27-73
235                <category android:name="android.intent.category.BROWSABLE" />
235-->[com.google.firebase:firebase-auth:21.0.1] AndroidManifest.xml:37:17-78
235-->[com.google.firebase:firebase-auth:21.0.1] AndroidManifest.xml:37:27-75
236
237                <data
237-->[com.google.firebase:firebase-auth:21.0.1] AndroidManifest.xml:39:17-42:51
238                    android:host="firebase.auth"
238-->[com.google.firebase:firebase-auth:21.0.1] AndroidManifest.xml:40:21-49
239                    android:path="/"
239-->[com.google.firebase:firebase-auth:21.0.1] AndroidManifest.xml:41:21-37
240                    android:scheme="recaptcha" />
240-->[com.google.firebase:firebase-auth:21.0.1] AndroidManifest.xml:42:21-48
241            </intent-filter>
242        </activity>
243
244        <service
244-->[com.google.firebase:firebase-auth:21.0.1] AndroidManifest.xml:64:9-73:19
245            android:name="com.google.firebase.auth.api.fallback.service.FirebaseAuthFallbackService"
245-->[com.google.firebase:firebase-auth:21.0.1] AndroidManifest.xml:65:13-101
246            android:enabled="true"
246-->[com.google.firebase:firebase-auth:21.0.1] AndroidManifest.xml:66:13-35
247            android:exported="false" >
247-->[com.google.firebase:firebase-auth:21.0.1] AndroidManifest.xml:67:13-37
248            <intent-filter>
248-->[com.google.firebase:firebase-auth:21.0.1] AndroidManifest.xml:68:13-72:29
249                <action android:name="com.google.firebase.auth.api.gms.service.START" />
249-->[com.google.firebase:firebase-auth:21.0.1] AndroidManifest.xml:69:17-89
249-->[com.google.firebase:firebase-auth:21.0.1] AndroidManifest.xml:69:25-86
250
251                <category android:name="android.intent.category.DEFAULT" />
251-->[com.google.firebase:firebase-auth:21.0.1] AndroidManifest.xml:36:17-76
251-->[com.google.firebase:firebase-auth:21.0.1] AndroidManifest.xml:36:27-73
252            </intent-filter>
253        </service>
254
255        <provider
255-->[com.google.firebase:firebase-common:20.0.0] AndroidManifest.xml:26:9-31:39
256            android:name="com.google.firebase.provider.FirebaseInitProvider"
256-->[com.google.firebase:firebase-common:20.0.0] AndroidManifest.xml:27:13-77
257            android:authorities="com.example.photogallerymobileapp.firebaseinitprovider"
257-->[com.google.firebase:firebase-common:20.0.0] AndroidManifest.xml:28:13-72
258            android:directBootAware="true"
258-->[com.google.firebase:firebase-common:20.0.0] AndroidManifest.xml:29:13-43
259            android:exported="false"
259-->[com.google.firebase:firebase-common:20.0.0] AndroidManifest.xml:30:13-37
260            android:initOrder="100" />